{"uuid":"fd26d687-a766-40cc-b7f8-411735ca84d3","historyId":"edf9b86832be3045830483e61e8d8fc8","fullName":"tests.CreateUBTest.createUBCtnNoAccept","labels":[{"name":"package","value":"tests.CreateUBTest"},{"name":"testClass","value":"tests.CreateUBTest"},{"name":"testMethod","value":"createUBCtnNoAccept"},{"name":"parentSuite","value":"Default Suite"},{"name":"suite","value":"UBalanceAppiumAndroidTests.UI"},{"name":"subSuite","value":"tests.CreateUBTest"},{"name":"host","value":"ms-n21124-61"},{"name":"thread","value":"34616@ms-n21124-61.main(1)"},{"name":"framework","value":"testng"},{"name":"language","value":"java"}],"links":[],"name":"UB-T32. Создание Общего баланса с мобильным номером (без акцепта)","status":"failed","statusDetails":{"known":false,"muted":false,"flaky":false,"message":"Element not found {By.xpath: /hierarchy/android.widget.FrameLayout/android.widget.LinearLayout/android.widget.FrameLayout/android.widget.FrameLayout/android.widget.FrameLayout/android.widget.FrameLayout/android.view.ViewGroup/android.widget.FrameLayout/androidx.compose.ui.platform.ComposeView/android.view.View/android.view.View/android.view.View[2]/android.widget.Button}\r\nExpected: visible\r\nScreenshot: file:/C:/Users/TRValeev/IdeaProjects/BeelineAutoTest/UBalanceAppiumAndroidTests.UI/build/reports/tests/1693471414600.0.png\r\nPage source: file:/C:/Users/TRValeev/IdeaProjects/BeelineAutoTest/UBalanceAppiumAndroidTests.UI/build/reports/tests/1693471414600.0.html\r\nTimeout: 10 s.\r\nCaused by: NoSuchElementException: An element could not be located on the page using the given search parameters.","trace":"Element not found {By.xpath: /hierarchy/android.widget.FrameLayout/android.widget.LinearLayout/android.widget.FrameLayout/android.widget.FrameLayout/android.widget.FrameLayout/android.widget.FrameLayout/android.view.ViewGroup/android.widget.FrameLayout/androidx.compose.ui.platform.ComposeView/android.view.View/android.view.View/android.view.View[2]/android.widget.Button}\r\nExpected: visible\r\nScreenshot: file:/C:/Users/TRValeev/IdeaProjects/BeelineAutoTest/UBalanceAppiumAndroidTests.UI/build/reports/tests/1693471414600.0.png\r\nPage source: file:/C:/Users/TRValeev/IdeaProjects/BeelineAutoTest/UBalanceAppiumAndroidTests.UI/build/reports/tests/1693471414600.0.html\r\nTimeout: 10 s.\r\nCaused by: NoSuchElementException: An element could not be located on the page using the given search parameters.\r\n\tat com.codeborne.selenide.impl.WebElementSource.createElementNotFoundError(WebElementSource.java:88)\r\n\tat com.codeborne.selenide.impl.ElementFinder.createElementNotFoundError(ElementFinder.java:142)\r\n\tat com.codeborne.selenide.impl.WebElementSource.handleError(WebElementSource.java:140)\r\n\tat com.codeborne.selenide.impl.WebElementSource.checkConditionAndReturnElement(WebElementSource.java:124)\r\n\tat com.codeborne.selenide.impl.WebElementSource.checkCondition(WebElementSource.java:101)\r\n\tat com.codeborne.selenide.commands.Should.execute(Should.java:30)\r\n\tat com.codeborne.selenide.commands.Should.execute(Should.java:14)\r\n\tat com.codeborne.selenide.commands.Commands.execute(Commands.java:159)\r\n\tat com.codeborne.selenide.impl.SelenideElementProxy.dispatchAndRetry(SelenideElementProxy.java:132)\r\n\tat com.codeborne.selenide.impl.SelenideElementProxy.invoke(SelenideElementProxy.java:84)\r\n\tat jdk.proxy2/jdk.proxy2.$Proxy15.shouldBe(Unknown Source)\r\n\tat androidApp.pages.AllBalancesPage.clickCreateUBButton(AllBalancesPage.java:14)\r\n\tat tests.CreateUBTest.createUBCtnNoAccept(CreateUBTest.java:19)\r\n\tat java.base/jdk.internal.reflect.NativeMethodAccessorImpl.invoke0(Native Method)\r\n\tat java.base/jdk.internal.reflect.NativeMethodAccessorImpl.invoke(NativeMethodAccessorImpl.java:77)\r\n\tat java.base/jdk.internal.reflect.DelegatingMethodAccessorImpl.invoke(DelegatingMethodAccessorImpl.java:43)\r\n\tat java.base/java.lang.reflect.Method.invoke(Method.java:568)\r\n\tat org.testng.internal.invokers.MethodInvocationHelper.invokeMethod(MethodInvocationHelper.java:139)\r\n\tat org.testng.internal.invokers.TestInvoker.invokeMethod(TestInvoker.java:677)\r\n\tat org.testng.internal.invokers.TestInvoker.invokeTestMethod(TestInvoker.java:221)\r\n\tat org.testng.internal.invokers.MethodRunner.runInSequence(MethodRunner.java:50)\r\n\tat org.testng.internal.invokers.TestInvoker$MethodInvocationAgent.invoke(TestInvoker.java:969)\r\n\tat org.testng.internal.invokers.TestInvoker.invokeTestMethods(TestInvoker.java:194)\r\n\tat org.testng.internal.invokers.TestMethodWorker.invokeTestMethods(TestMethodWorker.java:148)\r\n\tat org.testng.internal.invokers.TestMethodWorker.run(TestMethodWorker.java:128)\r\n\tat java.base/java.util.ArrayList.forEach(ArrayList.java:1511)\r\n\tat org.testng.TestRunner.privateRun(TestRunner.java:829)\r\n\tat org.testng.TestRunner.run(TestRunner.java:602)\r\n\tat org.testng.SuiteRunner.runTest(SuiteRunner.java:437)\r\n\tat org.testng.SuiteRunner.runSequentially(SuiteRunner.java:431)\r\n\tat org.testng.SuiteRunner.privateRun(SuiteRunner.java:391)\r\n\tat org.testng.SuiteRunner.run(SuiteRunner.java:330)\r\n\tat org.testng.SuiteRunnerWorker.runSuite(SuiteRunnerWorker.java:52)\r\n\tat org.testng.SuiteRunnerWorker.run(SuiteRunnerWorker.java:95)\r\n\tat org.testng.TestNG.runSuitesSequentially(TestNG.java:1256)\r\n\tat org.testng.TestNG.runSuitesLocally(TestNG.java:1176)\r\n\tat org.testng.TestNG.runSuites(TestNG.java:1099)\r\n\tat org.testng.TestNG.run(TestNG.java:1067)\r\n\tat com.intellij.rt.testng.IDEARemoteTestNG.run(IDEARemoteTestNG.java:66)\r\n\tat com.intellij.rt.testng.RemoteTestNGStarter.main(RemoteTestNGStarter.java:109)\r\nCaused by: org.openqa.selenium.NoSuchElementException: An element could not be located on the page using the given search parameters.\nFor documentation on this error, please visit: https://www.selenium.dev/documentation/webdriver/troubleshooting/errors#no-such-element-exception\nBuild info: version: '4.11.0', revision: '040bc5406b'\nSystem info: os.name: 'Windows 10', os.arch: 'amd64', os.version: '10.0', java.version: '17.0.5'\nDriver info: io.appium.java_client.android.AndroidDriver\nCommand: [7d295b59-ea99-49ee-8924-380f31647af5, findElement {using=xpath, value=/hierarchy/android.widget.FrameLayout/android.widget.LinearLayout/android.widget.FrameLayout/android.widget.FrameLayout/android.widget.FrameLayout/android.widget.FrameLayout/android.view.ViewGroup/android.widget.FrameLayout/androidx.compose.ui.platform.ComposeView/android.view.View/android.view.View/android.view.View[2]/android.widget.Button}]\nCapabilities {appium:appActivity: ru.beeline.RootActivity, appium:appPackage: ru.beeline.services.staging, appium:databaseEnabled: false, appium:desired: {appActivity: ru.beeline.RootActivity, appPackage: ru.beeline.services.staging, deviceName: realme narzo 50i Prime, platformName: ANDROID, platformVersion: 11, udid: 2A05295510CA01WZ}, appium:deviceApiLevel: 30, appium:deviceManufacturer: realme, appium:deviceModel: RMX3506, appium:deviceName: 2A05295510CA01WZ, appium:deviceScreenDensity: 320, appium:deviceScreenSize: 720x1600, appium:deviceUDID: 2A05295510CA01WZ, appium:javascriptEnabled: true, appium:locationContextEnabled: false, appium:networkConnectionEnabled: true, appium:pixelRatio: 2, appium:platformVersion: 11, appium:statBarHeight: 64, appium:takesScreenshot: true, appium:udid: 2A05295510CA01WZ, appium:viewportRect: {height: 1384, left: 0, top: 64, width: 720}, appium:warnings: {}, appium:webStorageEnabled: false, platformName: ANDROID}\nSession ID: 7d295b59-ea99-49ee-8924-380f31647af5\r\n\tat jdk.internal.reflect.GeneratedConstructorAccessor10.newInstance(Unknown Source)\r\n\tat java.base/jdk.internal.reflect.DelegatingConstructorAccessorImpl.newInstance(DelegatingConstructorAccessorImpl.java:45)\r\n\tat java.base/java.lang.reflect.Constructor.newInstanceWithCaller(Constructor.java:499)\r\n\tat java.base/java.lang.reflect.Constructor.newInstance(Constructor.java:480)\r\n\tat org.openqa.selenium.remote.codec.w3c.W3CHttpResponseCodec.createException(W3CHttpResponseCodec.java:200)\r\n\tat org.openqa.selenium.remote.codec.w3c.W3CHttpResponseCodec.decode(W3CHttpResponseCodec.java:133)\r\n\tat org.openqa.selenium.remote.codec.w3c.W3CHttpResponseCodec.decode(W3CHttpResponseCodec.java:52)\r\n\tat org.openqa.selenium.remote.HttpCommandExecutor.execute(HttpCommandExecutor.java:191)\r\n\tat io.appium.java_client.remote.AppiumCommandExecutor.execute(AppiumCommandExecutor.java:250)\r\n\tat org.openqa.selenium.remote.RemoteWebDriver.execute(RemoteWebDriver.java:518)\r\n\tat org.openqa.selenium.remote.ElementLocation$ElementFinder$2.findElement(ElementLocation.java:165)\r\n\tat org.openqa.selenium.remote.ElementLocation.findElement(ElementLocation.java:59)\r\n\tat org.openqa.selenium.remote.RemoteWebDriver.findElement(RemoteWebDriver.java:355)\r\n\tat org.openqa.selenium.remote.RemoteWebDriver.findElement(RemoteWebDriver.java:349)\r\n\tat com.codeborne.selenide.impl.WebElementSelector.findElement(WebElementSelector.java:70)\r\n\tat com.codeborne.selenide.impl.WebElementSelector.findElement(WebElementSelector.java:44)\r\n\tat com.codeborne.selenide.impl.WebElementSelector.findElement(WebElementSelector.java:33)\r\n\tat com.codeborne.selenide.impl.ElementFinder.getWebElement(ElementFinder.java:122)\r\n\tat com.codeborne.selenide.impl.WebElementSource.checkConditionAndReturnElement(WebElementSource.java:113)\r\n\t... 36 more\r\n"},"stage":"finished","steps":[{"name":"Перейти к выбору стенда","status":"passed","stage":"finished","steps":[{"name":"$(\"By.id: ru.beeline.services.staging:id/dev_menu_button\") should be(visible)","status":"passed","stage":"finished","steps":[],"attachments":[],"parameters":[],"start":1693471384177,"stop":1693471387959},{"name":"$(\"By.id: ru.beeline.services.staging:id/dev_menu_button\") click()","status":"passed","stage":"finished","steps":[],"attachments":[],"parameters":[],"start":1693471387959,"stop":1693471388186},{"name":"$(\"By.xpath: //android.widget.Button[@text='Сменить стенд']\") should be(visible)","status":"passed","stage":"finished","steps":[],"attachments":[],"parameters":[],"start":1693471388186,"stop":1693471389879},{"name":"$(\"By.xpath: //android.widget.Button[@text='Сменить стенд']\") click()","status":"passed","stage":"finished","steps":[],"attachments":[],"parameters":[],"start":1693471389879,"stop":1693471390091},{"name":"$(\"By.xpath: //android.widget.Button[@text='RC Test ']\") should be(visible)","status":"passed","stage":"finished","steps":[],"attachments":[],"parameters":[],"start":1693471390091,"stop":1693471391334},{"name":"$(\"By.xpath: //android.widget.Button[@text='RC Test ']\") click()","status":"passed","stage":"finished","steps":[],"attachments":[],"parameters":[],"start":1693471391334,"stop":1693471391482},{"name":"$(\"By.xpath: //android.widget.Button[@text='Сменить стенд']\") should be(visible)","status":"passed","stage":"finished","steps":[],"attachments":[],"parameters":[],"start":1693471391482,"stop":1693471392383}],"attachments":[],"parameters":[],"start":1693471384163,"stop":1693471393669},{"name":"Авторизация","status":"passed","stage":"finished","steps":[{"name":"$(\"By.id: ru.beeline.services.staging:id/edit_text\") should be(visible)","status":"passed","stage":"finished","steps":[],"attachments":[],"parameters":[],"start":1693471393669,"stop":1693471393854},{"name":"$(\"By.id: ru.beeline.services.staging:id/edit_text\") send keys(9683601762)","status":"passed","stage":"finished","steps":[],"attachments":[],"parameters":[],"start":1693471393854,"stop":1693471394480},{"name":"$(\"By.id: ru.beeline.services.staging:id/enter_button\") should be(visible)","status":"passed","stage":"finished","steps":[],"attachments":[],"parameters":[],"start":1693471394480,"stop":1693471395022},{"name":"$(\"By.id: ru.beeline.services.staging:id/enter_button\") click()","status":"passed","stage":"finished","steps":[],"attachments":[],"parameters":[],"start":1693471395022,"stop":1693471395138},{"name":"$(\"By.xpath: //android.widget.Button[@text='По паролю']\") should be(visible)","status":"passed","stage":"finished","steps":[],"attachments":[],"parameters":[],"start":1693471395138,"stop":1693471396013},{"name":"$(\"By.xpath: //android.widget.Button[@text='По паролю']\") click()","status":"passed","stage":"finished","steps":[],"attachments":[],"parameters":[],"start":1693471396013,"stop":1693471396124},{"name":"$(\"By.id: ru.beeline.services.staging:id/password_edit_text\") should be(visible)","status":"passed","stage":"finished","steps":[],"attachments":[],"parameters":[],"start":1693471396124,"stop":1693471397247},{"name":"$(\"By.id: ru.beeline.services.staging:id/password_edit_text\") send keys(Qwerty44)","status":"passed","stage":"finished","steps":[],"attachments":[],"parameters":[],"start":1693471397247,"stop":1693471397356},{"name":"$(\"By.xpath: /hierarchy/android.widget.FrameLayout/android.widget.LinearLayout/android.widget.FrameLayout/android.widget.LinearLayout/android.widget.FrameLayout/android.widget.LinearLayout/android.widget.RelativeLayout/android.widget.FrameLayout[2]/android.view.ViewGroup/android.widget.LinearLayout/androidx.compose.ui.platform.ComposeView/android.view.View/android.view.View/android.widget.Button\") should be(visible)","status":"passed","stage":"finished","steps":[],"attachments":[],"parameters":[],"start":1693471397356,"stop":1693471397904},{"name":"$(\"By.xpath: /hierarchy/android.widget.FrameLayout/android.widget.LinearLayout/android.widget.FrameLayout/android.widget.LinearLayout/android.widget.FrameLayout/android.widget.LinearLayout/android.widget.RelativeLayout/android.widget.FrameLayout[2]/android.view.ViewGroup/android.widget.LinearLayout/androidx.compose.ui.platform.ComposeView/android.view.View/android.view.View/android.widget.Button\") click()","status":"passed","stage":"finished","steps":[],"attachments":[],"parameters":[],"start":1693471397904,"stop":1693471398862},{"name":"$(\"By.xpath: //android.widget.TextView[@text='Пропустить']\") should be(visible)","status":"passed","stage":"finished","steps":[],"attachments":[],"parameters":[],"start":1693471398862,"stop":1693471400223},{"name":"$(\"By.xpath: //android.widget.TextView[@text='Пропустить']\") click()","status":"passed","stage":"finished","steps":[],"attachments":[],"parameters":[],"start":1693471400223,"stop":1693471401104}],"attachments":[],"parameters":[{"name":"login","value":"9683601762"},{"name":"password","value":"Qwerty44"}],"start":1693471393669,"stop":1693471401104},{"name":"Нажать на плашку балансов","status":"passed","stage":"finished","steps":[{"name":"$(\"By.xpath: /hierarchy/android.widget.FrameLayout/android.widget.LinearLayout/android.widget.FrameLayout/android.widget.LinearLayout/android.widget.FrameLayout/android.widget.LinearLayout/android.widget.RelativeLayout/android.widget.FrameLayout[2]/android.widget.FrameLayout/android.widget.FrameLayout[2]/android.widget.FrameLayout/android.widget.FrameLayout/android.widget.FrameLayout/androidx.compose.ui.platform.ComposeView/android.view.View/android.view.View/android.widget.ScrollView/android.view.View[3]/android.widget.Button\") should be(visible)","status":"passed","stage":"finished","steps":[],"attachments":[],"parameters":[],"start":1693471401104,"stop":1693471403484},{"name":"$(\"By.xpath: /hierarchy/android.widget.FrameLayout/android.widget.LinearLayout/android.widget.FrameLayout/android.widget.LinearLayout/android.widget.FrameLayout/android.widget.LinearLayout/android.widget.RelativeLayout/android.widget.FrameLayout[2]/android.widget.FrameLayout/android.widget.FrameLayout[2]/android.widget.FrameLayout/android.widget.FrameLayout/android.widget.FrameLayout/androidx.compose.ui.platform.ComposeView/android.view.View/android.view.View/android.widget.ScrollView/android.view.View[3]/android.widget.Button\") click()","status":"passed","stage":"finished","steps":[],"attachments":[],"parameters":[],"start":1693471403484,"stop":1693471404529}],"attachments":[],"parameters":[],"start":1693471401104,"stop":1693471404529},{"name":"Нажать на кнопку создания ОБ","status":"failed","statusDetails":{"known":false,"muted":false,"flaky":false,"message":"Element not found {By.xpath: /hierarchy/android.widget.FrameLayout/android.widget.LinearLayout/android.widget.FrameLayout/android.widget.FrameLayout/android.widget.FrameLayout/android.widget.FrameLayout/android.view.ViewGroup/android.widget.FrameLayout/androidx.compose.ui.platform.ComposeView/android.view.View/android.view.View/android.view.View[2]/android.widget.Button}\r\nExpected: visible\r\nScreenshot: file:/C:/Users/TRValeev/IdeaProjects/BeelineAutoTest/UBalanceAppiumAndroidTests.UI/build/reports/tests/1693471414600.0.png\r\nPage source: file:/C:/Users/TRValeev/IdeaProjects/BeelineAutoTest/UBalanceAppiumAndroidTests.UI/build/reports/tests/1693471414600.0.html\r\nTimeout: 10 s.\r\nCaused by: NoSuchElementException: An element could not be located on the page using the given search parameters.","trace":"Element not found {By.xpath: /hierarchy/android.widget.FrameLayout/android.widget.LinearLayout/android.widget.FrameLayout/android.widget.FrameLayout/android.widget.FrameLayout/android.widget.FrameLayout/android.view.ViewGroup/android.widget.FrameLayout/androidx.compose.ui.platform.ComposeView/android.view.View/android.view.View/android.view.View[2]/android.widget.Button}\r\nExpected: visible\r\nScreenshot: file:/C:/Users/TRValeev/IdeaProjects/BeelineAutoTest/UBalanceAppiumAndroidTests.UI/build/reports/tests/1693471414600.0.png\r\nPage source: file:/C:/Users/TRValeev/IdeaProjects/BeelineAutoTest/UBalanceAppiumAndroidTests.UI/build/reports/tests/1693471414600.0.html\r\nTimeout: 10 s.\r\nCaused by: NoSuchElementException: An element could not be located on the page using the given search parameters.\r\n\tat com.codeborne.selenide.impl.WebElementSource.createElementNotFoundError(WebElementSource.java:88)\r\n\tat com.codeborne.selenide.impl.ElementFinder.createElementNotFoundError(ElementFinder.java:142)\r\n\tat com.codeborne.selenide.impl.WebElementSource.handleError(WebElementSource.java:140)\r\n\tat com.codeborne.selenide.impl.WebElementSource.checkConditionAndReturnElement(WebElementSource.java:124)\r\n\tat com.codeborne.selenide.impl.WebElementSource.checkCondition(WebElementSource.java:101)\r\n\tat com.codeborne.selenide.commands.Should.execute(Should.java:30)\r\n\tat com.codeborne.selenide.commands.Should.execute(Should.java:14)\r\n\tat com.codeborne.selenide.commands.Commands.execute(Commands.java:159)\r\n\tat com.codeborne.selenide.impl.SelenideElementProxy.dispatchAndRetry(SelenideElementProxy.java:132)\r\n\tat com.codeborne.selenide.impl.SelenideElementProxy.invoke(SelenideElementProxy.java:84)\r\n\tat jdk.proxy2/jdk.proxy2.$Proxy15.shouldBe(Unknown Source)\r\n\tat androidApp.pages.AllBalancesPage.clickCreateUBButton(AllBalancesPage.java:14)\r\n\tat tests.CreateUBTest.createUBCtnNoAccept(CreateUBTest.java:19)\r\n\tat java.base/jdk.internal.reflect.NativeMethodAccessorImpl.invoke0(Native Method)\r\n\tat java.base/jdk.internal.reflect.NativeMethodAccessorImpl.invoke(NativeMethodAccessorImpl.java:77)\r\n\tat java.base/jdk.internal.reflect.DelegatingMethodAccessorImpl.invoke(DelegatingMethodAccessorImpl.java:43)\r\n\tat java.base/java.lang.reflect.Method.invoke(Method.java:568)\r\n\tat org.testng.internal.invokers.MethodInvocationHelper.invokeMethod(MethodInvocationHelper.java:139)\r\n\tat org.testng.internal.invokers.TestInvoker.invokeMethod(TestInvoker.java:677)\r\n\tat org.testng.internal.invokers.TestInvoker.invokeTestMethod(TestInvoker.java:221)\r\n\tat org.testng.internal.invokers.MethodRunner.runInSequence(MethodRunner.java:50)\r\n\tat org.testng.internal.invokers.TestInvoker$MethodInvocationAgent.invoke(TestInvoker.java:969)\r\n\tat org.testng.internal.invokers.TestInvoker.invokeTestMethods(TestInvoker.java:194)\r\n\tat org.testng.internal.invokers.TestMethodWorker.invokeTestMethods(TestMethodWorker.java:148)\r\n\tat org.testng.internal.invokers.TestMethodWorker.run(TestMethodWorker.java:128)\r\n\tat java.base/java.util.ArrayList.forEach(ArrayList.java:1511)\r\n\tat org.testng.TestRunner.privateRun(TestRunner.java:829)\r\n\tat org.testng.TestRunner.run(TestRunner.java:602)\r\n\tat org.testng.SuiteRunner.runTest(SuiteRunner.java:437)\r\n\tat org.testng.SuiteRunner.runSequentially(SuiteRunner.java:431)\r\n\tat org.testng.SuiteRunner.privateRun(SuiteRunner.java:391)\r\n\tat org.testng.SuiteRunner.run(SuiteRunner.java:330)\r\n\tat org.testng.SuiteRunnerWorker.runSuite(SuiteRunnerWorker.java:52)\r\n\tat org.testng.SuiteRunnerWorker.run(SuiteRunnerWorker.java:95)\r\n\tat org.testng.TestNG.runSuitesSequentially(TestNG.java:1256)\r\n\tat org.testng.TestNG.runSuitesLocally(TestNG.java:1176)\r\n\tat org.testng.TestNG.runSuites(TestNG.java:1099)\r\n\tat org.testng.TestNG.run(TestNG.java:1067)\r\n\tat com.intellij.rt.testng.IDEARemoteTestNG.run(IDEARemoteTestNG.java:66)\r\n\tat com.intellij.rt.testng.RemoteTestNGStarter.main(RemoteTestNGStarter.java:109)\r\nCaused by: org.openqa.selenium.NoSuchElementException: An element could not be located on the page using the given search parameters.\nFor documentation on this error, please visit: https://www.selenium.dev/documentation/webdriver/troubleshooting/errors#no-such-element-exception\nBuild info: version: '4.11.0', revision: '040bc5406b'\nSystem info: os.name: 'Windows 10', os.arch: 'amd64', os.version: '10.0', java.version: '17.0.5'\nDriver info: io.appium.java_client.android.AndroidDriver\nCommand: [7d295b59-ea99-49ee-8924-380f31647af5, findElement {using=xpath, value=/hierarchy/android.widget.FrameLayout/android.widget.LinearLayout/android.widget.FrameLayout/android.widget.FrameLayout/android.widget.FrameLayout/android.widget.FrameLayout/android.view.ViewGroup/android.widget.FrameLayout/androidx.compose.ui.platform.ComposeView/android.view.View/android.view.View/android.view.View[2]/android.widget.Button}]\nCapabilities {appium:appActivity: ru.beeline.RootActivity, appium:appPackage: ru.beeline.services.staging, appium:databaseEnabled: false, appium:desired: {appActivity: ru.beeline.RootActivity, appPackage: ru.beeline.services.staging, deviceName: realme narzo 50i Prime, platformName: ANDROID, platformVersion: 11, udid: 2A05295510CA01WZ}, appium:deviceApiLevel: 30, appium:deviceManufacturer: realme, appium:deviceModel: RMX3506, appium:deviceName: 2A05295510CA01WZ, appium:deviceScreenDensity: 320, appium:deviceScreenSize: 720x1600, appium:deviceUDID: 2A05295510CA01WZ, appium:javascriptEnabled: true, appium:locationContextEnabled: false, appium:networkConnectionEnabled: true, appium:pixelRatio: 2, appium:platformVersion: 11, appium:statBarHeight: 64, appium:takesScreenshot: true, appium:udid: 2A05295510CA01WZ, appium:viewportRect: {height: 1384, left: 0, top: 64, width: 720}, appium:warnings: {}, appium:webStorageEnabled: false, platformName: ANDROID}\nSession ID: 7d295b59-ea99-49ee-8924-380f31647af5\r\n\tat jdk.internal.reflect.GeneratedConstructorAccessor10.newInstance(Unknown Source)\r\n\tat java.base/jdk.internal.reflect.DelegatingConstructorAccessorImpl.newInstance(DelegatingConstructorAccessorImpl.java:45)\r\n\tat java.base/java.lang.reflect.Constructor.newInstanceWithCaller(Constructor.java:499)\r\n\tat java.base/java.lang.reflect.Constructor.newInstance(Constructor.java:480)\r\n\tat org.openqa.selenium.remote.codec.w3c.W3CHttpResponseCodec.createException(W3CHttpResponseCodec.java:200)\r\n\tat org.openqa.selenium.remote.codec.w3c.W3CHttpResponseCodec.decode(W3CHttpResponseCodec.java:133)\r\n\tat org.openqa.selenium.remote.codec.w3c.W3CHttpResponseCodec.decode(W3CHttpResponseCodec.java:52)\r\n\tat org.openqa.selenium.remote.HttpCommandExecutor.execute(HttpCommandExecutor.java:191)\r\n\tat io.appium.java_client.remote.AppiumCommandExecutor.execute(AppiumCommandExecutor.java:250)\r\n\tat org.openqa.selenium.remote.RemoteWebDriver.execute(RemoteWebDriver.java:518)\r\n\tat org.openqa.selenium.remote.ElementLocation$ElementFinder$2.findElement(ElementLocation.java:165)\r\n\tat org.openqa.selenium.remote.ElementLocation.findElement(ElementLocation.java:59)\r\n\tat org.openqa.selenium.remote.RemoteWebDriver.findElement(RemoteWebDriver.java:355)\r\n\tat org.openqa.selenium.remote.RemoteWebDriver.findElement(RemoteWebDriver.java:349)\r\n\tat com.codeborne.selenide.impl.WebElementSelector.findElement(WebElementSelector.java:70)\r\n\tat com.codeborne.selenide.impl.WebElementSelector.findElement(WebElementSelector.java:44)\r\n\tat com.codeborne.selenide.impl.WebElementSelector.findElement(WebElementSelector.java:33)\r\n\tat com.codeborne.selenide.impl.ElementFinder.getWebElement(ElementFinder.java:122)\r\n\tat com.codeborne.selenide.impl.WebElementSource.checkConditionAndReturnElement(WebElementSource.java:113)\r\n\t... 36 more\r\n"},"stage":"finished","steps":[{"name":"$(\"By.xpath: /hierarchy/android.widget.FrameLayout/android.widget.LinearLayout/android.widget.FrameLayout/android.widget.FrameLayout/android.widget.FrameLayout/android.widget.FrameLayout/android.view.ViewGroup/android.widget.FrameLayout/androidx.compose.ui.platform.ComposeView/android.view.View/android.view.View/android.view.View[2]/android.widget.Button\") should be(visible)","status":"failed","statusDetails":{"known":false,"muted":false,"flaky":false,"message":"Element not found {By.xpath: /hierarchy/android.widget.FrameLayout/android.widget.LinearLayout/android.widget.FrameLayout/android.widget.FrameLayout/android.widget.FrameLayout/android.widget.FrameLayout/android.view.ViewGroup/android.widget.FrameLayout/androidx.compose.ui.platform.ComposeView/android.view.View/android.view.View/android.view.View[2]/android.widget.Button}\r\nExpected: visible\r\nScreenshot: file:/C:/Users/TRValeev/IdeaProjects/BeelineAutoTest/UBalanceAppiumAndroidTests.UI/build/reports/tests/1693471414600.0.png\r\nPage source: file:/C:/Users/TRValeev/IdeaProjects/BeelineAutoTest/UBalanceAppiumAndroidTests.UI/build/reports/tests/1693471414600.0.html\r\nTimeout: 10 s.\r\nCaused by: NoSuchElementException: An element could not be located on the page using the given search parameters.","trace":"Element not found {By.xpath: /hierarchy/android.widget.FrameLayout/android.widget.LinearLayout/android.widget.FrameLayout/android.widget.FrameLayout/android.widget.FrameLayout/android.widget.FrameLayout/android.view.ViewGroup/android.widget.FrameLayout/androidx.compose.ui.platform.ComposeView/android.view.View/android.view.View/android.view.View[2]/android.widget.Button}\r\nExpected: visible\r\nScreenshot: file:/C:/Users/TRValeev/IdeaProjects/BeelineAutoTest/UBalanceAppiumAndroidTests.UI/build/reports/tests/1693471414600.0.png\r\nPage source: file:/C:/Users/TRValeev/IdeaProjects/BeelineAutoTest/UBalanceAppiumAndroidTests.UI/build/reports/tests/1693471414600.0.html\r\nTimeout: 10 s.\r\nCaused by: NoSuchElementException: An element could not be located on the page using the given search parameters.\r\n\tat com.codeborne.selenide.impl.WebElementSource.createElementNotFoundError(WebElementSource.java:88)\r\n\tat com.codeborne.selenide.impl.ElementFinder.createElementNotFoundError(ElementFinder.java:142)\r\n\tat com.codeborne.selenide.impl.WebElementSource.handleError(WebElementSource.java:140)\r\n\tat com.codeborne.selenide.impl.WebElementSource.checkConditionAndReturnElement(WebElementSource.java:124)\r\n\tat com.codeborne.selenide.impl.WebElementSource.checkCondition(WebElementSource.java:101)\r\n\tat com.codeborne.selenide.commands.Should.execute(Should.java:30)\r\n\tat com.codeborne.selenide.commands.Should.execute(Should.java:14)\r\n\tat com.codeborne.selenide.commands.Commands.execute(Commands.java:159)\r\n\tat com.codeborne.selenide.impl.SelenideElementProxy.dispatchAndRetry(SelenideElementProxy.java:132)\r\n\tat com.codeborne.selenide.impl.SelenideElementProxy.invoke(SelenideElementProxy.java:84)\r\n\tat jdk.proxy2/jdk.proxy2.$Proxy15.shouldBe(Unknown Source)\r\n\tat androidApp.pages.AllBalancesPage.clickCreateUBButton(AllBalancesPage.java:14)\r\n\tat tests.CreateUBTest.createUBCtnNoAccept(CreateUBTest.java:19)\r\n\tat java.base/jdk.internal.reflect.NativeMethodAccessorImpl.invoke0(Native Method)\r\n\tat java.base/jdk.internal.reflect.NativeMethodAccessorImpl.invoke(NativeMethodAccessorImpl.java:77)\r\n\tat java.base/jdk.internal.reflect.DelegatingMethodAccessorImpl.invoke(DelegatingMethodAccessorImpl.java:43)\r\n\tat java.base/java.lang.reflect.Method.invoke(Method.java:568)\r\n\tat org.testng.internal.invokers.MethodInvocationHelper.invokeMethod(MethodInvocationHelper.java:139)\r\n\tat org.testng.internal.invokers.TestInvoker.invokeMethod(TestInvoker.java:677)\r\n\tat org.testng.internal.invokers.TestInvoker.invokeTestMethod(TestInvoker.java:221)\r\n\tat org.testng.internal.invokers.MethodRunner.runInSequence(MethodRunner.java:50)\r\n\tat org.testng.internal.invokers.TestInvoker$MethodInvocationAgent.invoke(TestInvoker.java:969)\r\n\tat org.testng.internal.invokers.TestInvoker.invokeTestMethods(TestInvoker.java:194)\r\n\tat org.testng.internal.invokers.TestMethodWorker.invokeTestMethods(TestMethodWorker.java:148)\r\n\tat org.testng.internal.invokers.TestMethodWorker.run(TestMethodWorker.java:128)\r\n\tat java.base/java.util.ArrayList.forEach(ArrayList.java:1511)\r\n\tat org.testng.TestRunner.privateRun(TestRunner.java:829)\r\n\tat org.testng.TestRunner.run(TestRunner.java:602)\r\n\tat org.testng.SuiteRunner.runTest(SuiteRunner.java:437)\r\n\tat org.testng.SuiteRunner.runSequentially(SuiteRunner.java:431)\r\n\tat org.testng.SuiteRunner.privateRun(SuiteRunner.java:391)\r\n\tat org.testng.SuiteRunner.run(SuiteRunner.java:330)\r\n\tat org.testng.SuiteRunnerWorker.runSuite(SuiteRunnerWorker.java:52)\r\n\tat org.testng.SuiteRunnerWorker.run(SuiteRunnerWorker.java:95)\r\n\tat org.testng.TestNG.runSuitesSequentially(TestNG.java:1256)\r\n\tat org.testng.TestNG.runSuitesLocally(TestNG.java:1176)\r\n\tat org.testng.TestNG.runSuites(TestNG.java:1099)\r\n\tat org.testng.TestNG.run(TestNG.java:1067)\r\n\tat com.intellij.rt.testng.IDEARemoteTestNG.run(IDEARemoteTestNG.java:66)\r\n\tat com.intellij.rt.testng.RemoteTestNGStarter.main(RemoteTestNGStarter.java:109)\r\nCaused by: org.openqa.selenium.NoSuchElementException: An element could not be located on the page using the given search parameters.\nFor documentation on this error, please visit: https://www.selenium.dev/documentation/webdriver/troubleshooting/errors#no-such-element-exception\nBuild info: version: '4.11.0', revision: '040bc5406b'\nSystem info: os.name: 'Windows 10', os.arch: 'amd64', os.version: '10.0', java.version: '17.0.5'\nDriver info: io.appium.java_client.android.AndroidDriver\nCommand: [7d295b59-ea99-49ee-8924-380f31647af5, findElement {using=xpath, value=/hierarchy/android.widget.FrameLayout/android.widget.LinearLayout/android.widget.FrameLayout/android.widget.FrameLayout/android.widget.FrameLayout/android.widget.FrameLayout/android.view.ViewGroup/android.widget.FrameLayout/androidx.compose.ui.platform.ComposeView/android.view.View/android.view.View/android.view.View[2]/android.widget.Button}]\nCapabilities {appium:appActivity: ru.beeline.RootActivity, appium:appPackage: ru.beeline.services.staging, appium:databaseEnabled: false, appium:desired: {appActivity: ru.beeline.RootActivity, appPackage: ru.beeline.services.staging, deviceName: realme narzo 50i Prime, platformName: ANDROID, platformVersion: 11, udid: 2A05295510CA01WZ}, appium:deviceApiLevel: 30, appium:deviceManufacturer: realme, appium:deviceModel: RMX3506, appium:deviceName: 2A05295510CA01WZ, appium:deviceScreenDensity: 320, appium:deviceScreenSize: 720x1600, appium:deviceUDID: 2A05295510CA01WZ, appium:javascriptEnabled: true, appium:locationContextEnabled: false, appium:networkConnectionEnabled: true, appium:pixelRatio: 2, appium:platformVersion: 11, appium:statBarHeight: 64, appium:takesScreenshot: true, appium:udid: 2A05295510CA01WZ, appium:viewportRect: {height: 1384, left: 0, top: 64, width: 720}, appium:warnings: {}, appium:webStorageEnabled: false, platformName: ANDROID}\nSession ID: 7d295b59-ea99-49ee-8924-380f31647af5\r\n\tat jdk.internal.reflect.GeneratedConstructorAccessor10.newInstance(Unknown Source)\r\n\tat java.base/jdk.internal.reflect.DelegatingConstructorAccessorImpl.newInstance(DelegatingConstructorAccessorImpl.java:45)\r\n\tat java.base/java.lang.reflect.Constructor.newInstanceWithCaller(Constructor.java:499)\r\n\tat java.base/java.lang.reflect.Constructor.newInstance(Constructor.java:480)\r\n\tat org.openqa.selenium.remote.codec.w3c.W3CHttpResponseCodec.createException(W3CHttpResponseCodec.java:200)\r\n\tat org.openqa.selenium.remote.codec.w3c.W3CHttpResponseCodec.decode(W3CHttpResponseCodec.java:133)\r\n\tat org.openqa.selenium.remote.codec.w3c.W3CHttpResponseCodec.decode(W3CHttpResponseCodec.java:52)\r\n\tat org.openqa.selenium.remote.HttpCommandExecutor.execute(HttpCommandExecutor.java:191)\r\n\tat io.appium.java_client.remote.AppiumCommandExecutor.execute(AppiumCommandExecutor.java:250)\r\n\tat org.openqa.selenium.remote.RemoteWebDriver.execute(RemoteWebDriver.java:518)\r\n\tat org.openqa.selenium.remote.ElementLocation$ElementFinder$2.findElement(ElementLocation.java:165)\r\n\tat org.openqa.selenium.remote.ElementLocation.findElement(ElementLocation.java:59)\r\n\tat org.openqa.selenium.remote.RemoteWebDriver.findElement(RemoteWebDriver.java:355)\r\n\tat org.openqa.selenium.remote.RemoteWebDriver.findElement(RemoteWebDriver.java:349)\r\n\tat com.codeborne.selenide.impl.WebElementSelector.findElement(WebElementSelector.java:70)\r\n\tat com.codeborne.selenide.impl.WebElementSelector.findElement(WebElementSelector.java:44)\r\n\tat com.codeborne.selenide.impl.WebElementSelector.findElement(WebElementSelector.java:33)\r\n\tat com.codeborne.selenide.impl.ElementFinder.getWebElement(ElementFinder.java:122)\r\n\tat com.codeborne.selenide.impl.WebElementSource.checkConditionAndReturnElement(WebElementSource.java:113)\r\n\t... 36 more\r\n"},"stage":"finished","steps":[],"attachments":[{"name":"Screenshot","source":"3a7c8e99-5bd4-4f3f-823e-73abb0c29414-attachment.png","type":"image/png"},{"name":"Page source","source":"c90a6afc-5e40-40d9-af88-4ead2b11a341-attachment.html","type":"text/html"}],"parameters":[],"start":1693471404529,"stop":1693471415544}],"attachments":[],"parameters":[],"start":1693471404529,"stop":1693471415544}],"attachments":[],"parameters":[],"start":1693471383825,"stop":1693471415560}